{"item": "robotic software", "user": 381, "date": "2023-09-30T20:29:04Z"}
{"item": "Wearable fitness tracker", "user": 68, "date": "2023-09-30T20:29:04Z"}
{"item": "solar calculator", "user": 208, "date": "2023-09-30T20:29:04Z"}
{"item": "solar calculator", "user": 859, "date": "2023-09-30T20:29:04Z"}
{"item": "gaming console", "user": 912, "date": "2023-09-30T20:29:04Z"}
{"item": "GPS device", "user": 960, "date": "2023-09-30T20:29:04Z"}
{"item": "stylus pen", "user": 214, "date": "2023-09-30T20:29:04Z"}
{"item": "external hard drive", "user": 45, "date": "2023-09-30T20:29:04Z"}
{"item": "robotic arm", "user": 669, "date": "2023-09-30T20:29:04Z"}
{"item": "barometric pressure sensor", "user": 267, "date": "2023-09-30T20:29:04Z"}
{"item": "USB microphone", "user": 466, "date": "2023-09-30T20:29:04Z"}
{"item": "wireless headphones", "user": 830, "date": "2023-09-30T20:29:04Z"}
{"item": "wireless presenter", "user": 748, "date": "2023-09-30T20:29:04Z"}
{"item": "USB microscope", "user": 786, "date": "2023-09-30T20:29:04Z"}
{"item": "3D printer", "user": 354, "date": "2023-09-30T20:29:04Z"}
{"item": "document camera", "user": 182, "date": "2023-09-30T20:29:04Z"}
{"item": "e-reader", "user": 689, "date": "2023-09-30T20:29:04Z"}
{"item": "smart ring", "user": 186, "date": "2023-09-30T20:29:04Z"}
{"item": "microphone", "user": 985, "date": "2023-09-30T20:29:04Z"}
{"item": "bluetooth speaker", "user": 26, "date": "2023-09-30T20:29:04Z"}
{"item": "computer processor", "user": 296, "date": "2023-09-30T20:29:04Z"}
{"item": "keyboard", "user": 225, "date": "2023-09-30T20:29:04Z"}
{"item": "video switcher", "user": 755, "date": "2023-09-30T20:29:04Z"}
{"item": "bluetooth speaker", "user": 891, "date": "2023-09-30T20:29:04Z"}
{"item": "document camera", "user": 602, "date": "2023-09-30T20:29:04Z"}
{"item": "USB microscope", "user": 286, "date": "2023-09-30T20:29:04Z"}
{"item": "solar calculator", "user": 314, "date": "2023-09-30T20:29:04Z"}
{"item": "LED sign", "user": 863, "date": "2023-09-30T20:29:04Z"}
{"item": "voice amplifier", "user": 123, "date": "2023-09-30T20:29:04Z"}
{"item": "video doorbell", "user": 903, "date": "2023-09-30T20:29:04Z"}
{"item": "robotic arm", "user": 993, "date": "2023-09-30T20:29:04Z"}
{"item": "wireless presenter", "user": 467, "date": "2023-09-30T20:29:04Z"}
{"item": "laptop", "user": 46, "date": "2023-09-30T20:29:04Z"}
{"item": "Raspberry Pi", "user": 95, "date": "2023-09-30T20:29:04Z"}
{"item": "computer processor", "user": 816, "date": "2023-09-30T20:29:04Z"}
{"item": "walkie-talkie", "user": 1, "date": "2023-09-30T20:29:04Z"}
{"item": "RAM", "user": 449, "date": "2023-09-30T20:29:04Z"}
{"item": "headphones", "user": 151, "date": "2023-09-30T20:29:04Z"}
{"item": "signal generator", "user": 386, "date": "2023-09-30T20:29:04Z"}
{"item": "VR headset", "user": 720, "date": "2023-09-30T20:29:04Z"}
{"item": "TV wall mount", "user": 295, "date": "2023-09-30T20:29:04Z"}
{"item": "smartphone", "user": 299, "date": "2023-09-30T20:29:04Z"}
{"item": "handheld scanner", "user": 131, "date": "2023-09-30T20:29:04Z"}
{"item": "robotic kit", "user": 223, "date": "2023-09-30T20:29:04Z"}
{"item": "circuit simulator", "user": 467, "date": "2023-09-30T20:29:04Z"}
{"item": "solid-state drive", "user": 171, "date": "2023-09-30T20:29:04Z"}
{"item": "power supply unit", "user": 79, "date": "2023-09-30T20:29:04Z"}
{"item": "Arduino board", "user": 541, "date": "2023-09-30T20:29:04Z"}
{"item": "LED sign", "user": 458, "date": "2023-09-30T20:29:04Z"}
{"item": "GPS tracker", "user": 635, "date": "2023-09-30T20:29:04Z"}
{"item": "digital oscilloscope", "user": 987, "date": "2023-09-30T20:29:25Z"}
{"item": "robot arm", "user": 480, "date": "2023-09-30T20:29:25Z"}
{"item": "colorimeter", "user": 568, "date": "2023-09-30T20:29:25Z"}
{"item": "thermal imaging camera", "user": 665, "date": "2023-09-30T20:29:25Z"}
{"item": "microcontroller", "user": 200, "date": "2023-09-30T20:29:25Z"}
{"item": "graphing calculator", "user": 741, "date": "2023-09-30T20:29:25Z"}
{"item": "LED matrix display", "user": 635, "date": "2023-09-30T20:29:25Z"}
{"item": "USB flash drive", "user": 380, "date": "2023-09-30T20:29:25Z"}
{"item": "power strip", "user": 195, "date": "2023-09-30T20:29:25Z"}
{"item": "circuit simulator", "user": 855, "date": "2023-09-30T20:29:25Z"}
{"item": "multimeter", "user": 891, "date": "2023-09-30T20:29:25Z"}
{"item": "laser printer", "user": 699, "date": "2023-09-30T20:29:25Z"}
{"item": "barcode scanner", "user": 731, "date": "2023-09-30T20:29:25Z"}
{"item": "wireless charger", "user": 606, "date": "2023-09-30T20:29:25Z"}
{"item": "barcode scanner", "user": 107, "date": "2023-09-30T20:29:25Z"}
{"item": "home theater projector", "user": 358, "date": "2023-09-30T20:29:25Z"}
{"item": "digital oscilloscope", "user": 683, "date": "2023-09-30T20:29:25Z"}
{"item": "wireless barcode scanner", "user": 529, "date": "2023-09-30T20:29:25Z"}
{"item": "LED matrix display", "user": 134, "date": "2023-09-30T20:29:25Z"}
{"item": "robotic toy", "user": 98, "date": "2023-09-30T20:29:25Z"}
{"item": "thermal paste", "user": 918, "date": "2023-09-30T20:29:25Z"}
{"item": "smart plug", "user": 215, "date": "2023-09-30T20:29:25Z"}
{"item": "game controller", "user": 63, "date": "2023-09-30T20:29:25Z"}
{"item": "surround sound system", "user": 324, "date": "2023-09-30T20:29:25Z"}
{"item": "Wearable fitness tracker", "user": 960, "date": "2023-09-30T20:29:25Z"}
{"item": "laser printer", "user": 640, "date": "2023-09-30T20:29:25Z"}
{"item": "document camera", "user": 438, "date": "2023-09-30T20:29:25Z"}
{"item": "USB microphone", "user": 397, "date": "2023-09-30T20:29:25Z"}
{"item": "video doorbell", "user": 791, "date": "2023-09-30T20:29:25Z"}
{"item": "digital photo frame", "user": 271, "date": "2023-09-30T20:29:25Z"}
{"item": "wireless presenter", "user": 740, "date": "2023-09-30T20:29:25Z"}
{"item": "smartwatch", "user": 900, "date": "2023-09-30T20:29:25Z"}
{"item": "solar panel", "user": 271, "date": "2023-09-30T20:29:25Z"}
{"item": "SIM card reader", "user": 119, "date": "2023-09-30T20:29:25Z"}
{"item": "universal remote", "user": 645, "date": "2023-09-30T20:29:25Z"}
{"item": "tablet", "user": 402, "date": "2023-09-30T20:29:25Z"}
{"item": "smart lock", "user": 64, "date": "2023-09-30T20:29:25Z"}
{"item": "printer ink", "user": 275, "date": "2023-09-30T20:29:25Z"}
{"item": "microSD card", "user": 946, "date": "2023-09-30T20:29:25Z"}
{"item": "drone charger", "user": 633, "date": "2023-09-30T20:29:25Z"}
{"item": "microphone", "user": 275, "date": "2023-09-30T20:29:25Z"}
{"item": "colorimeter", "user": 241, "date": "2023-09-30T20:29:25Z"}
{"item": "smart glasses", "user": 330, "date": "2023-09-30T20:29:25Z"}
{"item": "inkjet printer", "user": 939, "date": "2023-09-30T20:29:25Z"}
{"item": "barometric pressure sensor", "user": 142, "date": "2023-09-30T20:29:25Z"}
{"item": "cable tester", "user": 764, "date": "2023-09-30T20:29:25Z"}
{"item": "microcontroller", "user": 443, "date": "2023-09-30T20:29:25Z"}
{"item": "dual monitor stand", "user": 305, "date": "2023-09-30T20:29:25Z"}
{"item": "wireless presenter", "user": 147, "date": "2023-09-30T20:29:25Z"}
{"item": "digital hygrometer", "user": 378, "date": "2023-09-30T20:29:25Z"}
{"item": "soldering station", "user": 976, "date": "2023-09-30T20:30:18Z"}
{"item": "robot lawn mower", "user": 2, "date": "2023-09-30T20:30:18Z"}
{"item": "digital microscope", "user": 342, "date": "2023-09-30T20:30:18Z"}
{"item": "smart glasses", "user": 233, "date": "2023-09-30T20:30:18Z"}
{"item": "colorimeter", "user": 120, "date": "2023-09-30T20:30:18Z"}
{"item": "computer case", "user": 136, "date": "2023-09-30T20:30:18Z"}
{"item": "dual monitor stand", "user": 130, "date": "2023-09-30T20:30:18Z"}
{"item": "signal generator", "user": 961, "date": "2023-09-30T20:30:18Z"}
{"item": "soldering iron", "user": 413, "date": "2023-09-30T20:30:18Z"}
{"item": "signal oscilloscope", "user": 99, "date": "2023-09-30T20:30:18Z"}
{"item": "microcontroller", "user": 47, "date": "2023-09-30T20:30:18Z"}
{"item": "bluetooth speaker", "user": 528, "date": "2023-09-30T20:30:18Z"}
{"item": "signal analyzer", "user": 346, "date": "2023-09-30T20:30:18Z"}
{"item": "document camera", "user": 549, "date": "2023-09-30T20:30:18Z"}
{"item": "smart mirror", "user": 630, "date": "2023-09-30T20:30:18Z"}
{"item": "signal generator", "user": 672, "date": "2023-09-30T20:30:18Z"}
{"item": "cord organizer", "user": 872, "date": "2023-09-30T20:30:18Z"}
{"item": "computer case", "user": 473, "date": "2023-09-30T20:30:18Z"}
{"item": "colorimeter", "user": 355, "date": "2023-09-30T20:30:18Z"}
{"item": "smart thermostat", "user": 688, "date": "2023-09-30T20:30:18Z"}
{"item": "robotic controller", "user": 524, "date": "2023-09-30T20:30:18Z"}
{"item": "laser pointer", "user": 87, "date": "2023-09-30T20:30:18Z"}
{"item": "robot kit", "user": 598, "date": "2023-09-30T20:30:18Z"}
{"item": "hard disk drive", "user": 211, "date": "2023-09-30T20:30:18Z"}
{"item": "universal remote", "user": 464, "date": "2023-09-30T20:30:18Z"}
{"item": "solar calculator", "user": 381, "date": "2023-09-30T20:30:18Z"}
{"item": "smart bulb", "user": 805, "date": "2023-09-30T20:30:18Z"}
{"item": "Arduino board", "user": 663, "date": "2023-09-30T20:30:18Z"}
{"item": "wireless presenter", "user": 383, "date": "2023-09-30T20:30:18Z"}
{"item": "HDMI splitter", "user": 229, "date": "2023-09-30T20:30:18Z"}
{"item": "mouse", "user": 31, "date": "2023-09-30T20:30:18Z"}
{"item": "LED matrix display", "user": 752, "date": "2023-09-30T20:30:18Z"}
{"item": "soundbar", "user": 943, "date": "2023-09-30T20:30:18Z"}
{"item": "USB hub", "user": 923, "date": "2023-09-30T20:30:18Z"}
{"item": "digital oscilloscope", "user": 678, "date": "2023-09-30T20:30:18Z"}
{"item": "portable charger", "user": 227, "date": "2023-09-30T20:30:18Z"}
{"item": "webcam", "user": 785, "date": "2023-09-30T20:30:18Z"}
{"item": "robotic software", "user": 293, "date": "2023-09-30T20:30:18Z"}
{"item": "wireless barcode scanner", "user": 441, "date": "2023-09-30T20:30:18Z"}
{"item": "robotic toy", "user": 814, "date": "2023-09-30T20:30:18Z"}
{"item": "virtual reality headset", "user": 562, "date": "2023-09-30T20:30:18Z"}
{"item": "video switcher", "user": 955, "date": "2023-09-30T20:30:18Z"}
{"item": "virtual reality headset", "user": 711, "date": "2023-09-30T20:30:18Z"}
{"item": "digital photo frame", "user": 964, "date": "2023-09-30T20:30:18Z"}
{"item": "smart plug", "user": 658, "date": "2023-09-30T20:30:18Z"}
{"item": "digital hygrometer", "user": 351, "date": "2023-09-30T20:30:18Z"}
{"item": "POS system", "user": 469, "date": "2023-09-30T20:30:18Z"}
{"item": "soundbar", "user": 610, "date": "2023-09-30T20:30:18Z"}
{"item": "barometric pressure sensor", "user": 628, "date": "2023-09-30T20:30:18Z"}
{"item": "robotic toy", "user": 213, "date": "2023-09-30T20:30:18Z"}
