{"item": "digital camera", "user": 463, "date": "2023-09-30T20:50:43Z"}
{"item": "circuit simulator", "user": 257, "date": "2023-09-30T20:50:43Z"}
{"item": "bluetooth speaker", "user": 640, "date": "2023-09-30T20:50:43Z"}
{"item": "3D printer", "user": 960, "date": "2023-09-30T20:50:43Z"}
{"item": "gaming headset", "user": 962, "date": "2023-09-30T20:50:43Z"}
{"item": "laser printer", "user": 601, "date": "2023-09-30T20:50:43Z"}
{"item": "Bluetooth headphones", "user": 712, "date": "2023-09-30T20:50:43Z"}
{"item": "graphics card", "user": 375, "date": "2023-09-30T20:50:43Z"}
{"item": "action camera", "user": 508, "date": "2023-09-30T20:50:43Z"}
{"item": "tablet", "user": 756, "date": "2023-09-30T20:50:43Z"}
{"item": "robotic toy", "user": 409, "date": "2023-09-30T20:50:43Z"}
{"item": "motion sensor", "user": 823, "date": "2023-09-30T20:50:43Z"}
{"item": "computer case", "user": 97, "date": "2023-09-30T20:50:43Z"}
{"item": "universal remote", "user": 204, "date": "2023-09-30T20:50:43Z"}
{"item": "USB flash drive", "user": 271, "date": "2023-09-30T20:50:43Z"}
{"item": "graphics card", "user": 174, "date": "2023-09-30T20:50:43Z"}
{"item": "USB flash drive", "user": 484, "date": "2023-09-30T20:50:43Z"}
{"item": "camera", "user": 844, "date": "2023-09-30T20:50:43Z"}
{"item": "walkie-talkie", "user": 8, "date": "2023-09-30T20:50:43Z"}
{"item": "drone", "user": 237, "date": "2023-09-30T20:50:43Z"}
{"item": "home theater projector", "user": 841, "date": "2023-09-30T20:50:43Z"}
{"item": "GPS tracker", "user": 550, "date": "2023-09-30T20:50:43Z"}
{"item": "robotic prosthetic", "user": 858, "date": "2023-09-30T20:50:43Z"}
{"item": "webcam", "user": 170, "date": "2023-09-30T20:50:43Z"}
{"item": "soundbar", "user": 616, "date": "2023-09-30T20:50:43Z"}
{"item": "smart mirror", "user": 355, "date": "2023-09-30T20:50:43Z"}
{"item": "Wacom tablet", "user": 618, "date": "2023-09-30T20:50:43Z"}
{"item": "Raspberry Pi", "user": 66, "date": "2023-09-30T20:50:43Z"}
{"item": "power bank", "user": 380, "date": "2023-09-30T20:50:43Z"}
{"item": "video doorbell", "user": 496, "date": "2023-09-30T20:50:43Z"}
{"item": "e-reader", "user": 156, "date": "2023-09-30T20:50:43Z"}
{"item": "wireless microphone", "user": 354, "date": "2023-09-30T20:50:43Z"}
{"item": "digital oscilloscope", "user": 55, "date": "2023-09-30T20:50:43Z"}
{"item": "voice recorder", "user": 60, "date": "2023-09-30T20:50:43Z"}
{"item": "robot kit", "user": 833, "date": "2023-09-30T20:50:43Z"}
{"item": "smartphone", "user": 790, "date": "2023-09-30T20:50:43Z"}
{"item": "digital hygrometer", "user": 610, "date": "2023-09-30T20:50:43Z"}
{"item": "inkjet printer", "user": 579, "date": "2023-09-30T20:50:43Z"}
{"item": "HDMI splitter", "user": 212, "date": "2023-09-30T20:50:43Z"}
{"item": "laser pointer", "user": 544, "date": "2023-09-30T20:50:43Z"}
{"item": "digital camera", "user": 41, "date": "2023-09-30T20:50:43Z"}
{"item": "printer ink", "user": 501, "date": "2023-09-30T20:50:43Z"}
{"item": "e-ink display", "user": 653, "date": "2023-09-30T20:50:43Z"}
{"item": "robotic kit", "user": 171, "date": "2023-09-30T20:50:43Z"}
{"item": "Wacom tablet", "user": 245, "date": "2023-09-30T20:50:43Z"}
{"item": "universal remote", "user": 125, "date": "2023-09-30T20:50:43Z"}
{"item": "gaming headset", "user": 599, "date": "2023-09-30T20:50:43Z"}
{"item": "webcam", "user": 274, "date": "2023-09-30T20:50:43Z"}
{"item": "ethernet cable", "user": 353, "date": "2023-09-30T20:50:43Z"}
{"item": "gaming headset", "user": 720, "date": "2023-09-30T20:50:43Z"}
