{"item": "document camera", "user": 824, "date": "2023-09-30T20:50:42Z"}
{"item": "microphone", "user": 692, "date": "2023-09-30T20:50:42Z"}
{"item": "external hard drive", "user": 164, "date": "2023-09-30T20:50:42Z"}
{"item": "signal analyzer", "user": 180, "date": "2023-09-30T20:50:42Z"}
{"item": "surround sound system", "user": 846, "date": "2023-09-30T20:50:42Z"}
{"item": "robotic controller", "user": 403, "date": "2023-09-30T20:50:42Z"}
{"item": "drone", "user": 521, "date": "2023-09-30T20:50:42Z"}
{"item": "soldering station", "user": 501, "date": "2023-09-30T20:50:42Z"}
{"item": "signal oscilloscope", "user": 854, "date": "2023-09-30T20:50:42Z"}
{"item": "USB flash drive", "user": 750, "date": "2023-09-30T20:50:42Z"}
{"item": "walkie-talkie", "user": 730, "date": "2023-09-30T20:50:42Z"}
{"item": "Bluetooth headphones", "user": 184, "date": "2023-09-30T20:50:42Z"}
{"item": "soldering iron", "user": 26, "date": "2023-09-30T20:50:42Z"}
{"item": "smart mirror", "user": 525, "date": "2023-09-30T20:50:42Z"}
{"item": "document camera", "user": 373, "date": "2023-09-30T20:50:42Z"}
{"item": "robot kit", "user": 629, "date": "2023-09-30T20:50:42Z"}
{"item": "solar panel", "user": 515, "date": "2023-09-30T20:50:42Z"}
{"item": "video switcher", "user": 564, "date": "2023-09-30T20:50:42Z"}
{"item": "gaming headset", "user": 956, "date": "2023-09-30T20:50:42Z"}
{"item": "GPS tracker", "user": 693, "date": "2023-09-30T20:50:42Z"}
{"item": "digital microscope", "user": 53, "date": "2023-09-30T20:50:42Z"}
{"item": "computer processor", "user": 228, "date": "2023-09-30T20:50:42Z"}
{"item": "drone", "user": 393, "date": "2023-09-30T20:50:42Z"}
{"item": "surround sound system", "user": 980, "date": "2023-09-30T20:50:42Z"}
{"item": "external hard drive", "user": 203, "date": "2023-09-30T20:50:42Z"}
{"item": "robot vacuum cleaner", "user": 811, "date": "2023-09-30T20:50:43Z"}
{"item": "Raspberry Pi", "user": 152, "date": "2023-09-30T20:50:43Z"}
{"item": "HDMI cable", "user": 181, "date": "2023-09-30T20:50:43Z"}
{"item": "action camera", "user": 32, "date": "2023-09-30T20:50:43Z"}
{"item": "dual monitor stand", "user": 848, "date": "2023-09-30T20:50:43Z"}
{"item": "digital hygrometer", "user": 5, "date": "2023-09-30T20:50:43Z"}
{"item": "laser printer", "user": 372, "date": "2023-09-30T20:50:43Z"}
{"item": "surround sound system", "user": 971, "date": "2023-09-30T20:50:43Z"}
{"item": "computer processor", "user": 359, "date": "2023-09-30T20:50:43Z"}
{"item": "microSD card", "user": 877, "date": "2023-09-30T20:50:43Z"}
{"item": "smart ring", "user": 594, "date": "2023-09-30T20:50:43Z"}
{"item": "gaming keyboard", "user": 821, "date": "2023-09-30T20:50:43Z"}
{"item": "robotic prosthetic", "user": 839, "date": "2023-09-30T20:50:43Z"}
{"item": "Bluetooth headphones", "user": 672, "date": "2023-09-30T20:50:43Z"}
{"item": "digital hygrometer", "user": 608, "date": "2023-09-30T20:50:43Z"}
{"item": "robotic controller", "user": 204, "date": "2023-09-30T20:50:43Z"}
{"item": "video doorbell", "user": 257, "date": "2023-09-30T20:50:43Z"}
{"item": "e-reader", "user": 144, "date": "2023-09-30T20:50:43Z"}
{"item": "Wacom tablet", "user": 179, "date": "2023-09-30T20:50:43Z"}
{"item": "GPS tracker", "user": 416, "date": "2023-09-30T20:50:43Z"}
{"item": "CNC machine", "user": 344, "date": "2023-09-30T20:50:43Z"}
{"item": "SIM card reader", "user": 865, "date": "2023-09-30T20:50:43Z"}
{"item": "barcode scanner", "user": 926, "date": "2023-09-30T20:50:43Z"}
{"item": "monitor", "user": 400, "date": "2023-09-30T20:50:43Z"}
{"item": "USB microscope", "user": 578, "date": "2023-09-30T20:50:43Z"}
