{"item": "GPS tracker", "user": 818, "date": "2023-09-30T20:50:42Z"}
{"item": "smart mirror", "user": 797, "date": "2023-09-30T20:50:42Z"}
{"item": "wireless headphones", "user": 625, "date": "2023-09-30T20:50:42Z"}
{"item": "POS system", "user": 405, "date": "2023-09-30T20:50:42Z"}
{"item": "solar calculator", "user": 966, "date": "2023-09-30T20:50:42Z"}
{"item": "handheld scanner", "user": 377, "date": "2023-09-30T20:50:42Z"}
{"item": "ethernet cable", "user": 645, "date": "2023-09-30T20:50:42Z"}
{"item": "smart scale", "user": 852, "date": "2023-09-30T20:50:42Z"}
{"item": "e-reader", "user": 402, "date": "2023-09-30T20:50:42Z"}
{"item": "solar panel", "user": 872, "date": "2023-09-30T20:50:42Z"}
{"item": "electronic scale", "user": 258, "date": "2023-09-30T20:50:42Z"}
{"item": "RFID tag", "user": 993, "date": "2023-09-30T20:50:42Z"}
{"item": "VR treadmill", "user": 61, "date": "2023-09-30T20:50:42Z"}
{"item": "Wearable fitness tracker", "user": 467, "date": "2023-09-30T20:50:42Z"}
{"item": "Wearable fitness tracker", "user": 575, "date": "2023-09-30T20:50:42Z"}
{"item": "wireless earbuds", "user": 312, "date": "2023-09-30T20:50:42Z"}
{"item": "digital oscilloscope", "user": 883, "date": "2023-09-30T20:50:42Z"}
{"item": "barcode printer", "user": 27, "date": "2023-09-30T20:50:42Z"}
{"item": "signal generator", "user": 532, "date": "2023-09-30T20:50:42Z"}
{"item": "HDMI cable", "user": 863, "date": "2023-09-30T20:50:42Z"}
{"item": "digital hygrometer", "user": 136, "date": "2023-09-30T20:50:42Z"}
{"item": "robotic prosthetic", "user": 880, "date": "2023-09-30T20:50:42Z"}
{"item": "robot lawn mower", "user": 320, "date": "2023-09-30T20:50:42Z"}
{"item": "robotic controller", "user": 526, "date": "2023-09-30T20:50:42Z"}
{"item": "robotic prosthetic", "user": 265, "date": "2023-09-30T20:50:42Z"}
{"item": "gaming keyboard", "user": 715, "date": "2023-09-30T20:50:42Z"}
{"item": "circuit simulator", "user": 706, "date": "2023-09-30T20:50:42Z"}
{"item": "robotic kit", "user": 645, "date": "2023-09-30T20:50:42Z"}
{"item": "VR treadmill", "user": 247, "date": "2023-09-30T20:50:42Z"}
{"item": "barometric pressure sensor", "user": 66, "date": "2023-09-30T20:50:42Z"}
{"item": "gaming mouse", "user": 233, "date": "2023-09-30T20:50:42Z"}
{"item": "wireless keyboard", "user": 299, "date": "2023-09-30T20:50:42Z"}
{"item": "robotic toy", "user": 214, "date": "2023-09-30T20:50:42Z"}
{"item": "smart plug", "user": 925, "date": "2023-09-30T20:50:42Z"}
{"item": "robotic prosthetic", "user": 176, "date": "2023-09-30T20:50:42Z"}
{"item": "3D printer", "user": 217, "date": "2023-09-30T20:50:42Z"}
{"item": "soldering iron", "user": 724, "date": "2023-09-30T20:50:42Z"}
{"item": "robotic software", "user": 229, "date": "2023-09-30T20:50:42Z"}
{"item": "computer processor", "user": 442, "date": "2023-09-30T20:50:42Z"}
{"item": "camera", "user": 557, "date": "2023-09-30T20:50:42Z"}
{"item": "gaming keyboard", "user": 936, "date": "2023-09-30T20:50:42Z"}
{"item": "motherboard", "user": 44, "date": "2023-09-30T20:50:42Z"}
{"item": "thermal paste", "user": 559, "date": "2023-09-30T20:50:42Z"}
{"item": "robotic controller", "user": 911, "date": "2023-09-30T20:50:42Z"}
{"item": "power bank", "user": 136, "date": "2023-09-30T20:50:42Z"}
{"item": "mouse", "user": 95, "date": "2023-09-30T20:50:42Z"}
{"item": "external DVD drive", "user": 397, "date": "2023-09-30T20:50:42Z"}
{"item": "smartphone", "user": 238, "date": "2023-09-30T20:50:42Z"}
{"item": "wireless charger", "user": 755, "date": "2023-09-30T20:50:42Z"}
{"item": "microcontroller", "user": 137, "date": "2023-09-30T20:50:42Z"}
